10:57:33,770 INFO  [org.jboss.modules] (main) JBoss Modules version 1.3.7.Final-redhat-1
10:57:34,080 INFO  [org.jboss.msc] (main) JBoss MSC version 1.1.6.Final-redhat-1
10:57:34,281 INFO  [org.jboss.as] (MSC service thread 1-6) JBAS015899: JBoss EAP 6.4.11.GA (AS 7.5.11.Final-redhat-1) starting
10:57:36,642 INFO  [org.jboss.as.server.deployment.scanner] (DeploymentScanner-threads - 1) JBAS015003: Found taptest.war in deployment directory. To trigger deployment create a file called taptest.war.dodeploy
10:57:36,683 INFO  [org.jboss.as.server] (Controller Boot Thread) JBAS015888: Creating http management service using socket-binding (management-http)
10:57:36,683 INFO  [org.xnio] (MSC service thread 1-2) XNIO Version 3.0.15.GA-redhat-1
10:57:36,684 INFO  [org.xnio.nio] (MSC service thread 1-2) XNIO NIO Implementation Version 3.0.15.GA-redhat-1
10:57:36,859 INFO  [org.jboss.as.jsf] (ServerService Thread Pool -- 37) JBAS012615: Activated the following JSF Implementations: [main, 1.2]
10:57:36,892 WARN  [org.jboss.as.txn] (ServerService Thread Pool -- 46) JBAS010153: Node identifier property is set to the default value. Please make sure it is unique.
10:57:36,913 INFO  [org.jboss.as.naming] (ServerService Thread Pool -- 39) JBAS011800: Activating Naming Subsystem
10:57:36,974 INFO  [org.jboss.as.connector.logging] (MSC service thread 1-5) JBAS010408: Starting JCA Subsystem (IronJacamar 1.0.37.Final-redhat-1)
10:57:36,916 INFO  [org.jboss.as.security] (ServerService Thread Pool -- 44) JBAS013371: Activating Security Subsystem
10:57:36,922 INFO  [org.jboss.as.webservices] (ServerService Thread Pool -- 48) JBAS015537: Activating WebServices Extension
10:57:36,917 INFO  [org.jboss.as.clustering.infinispan] (ServerService Thread Pool -- 31) JBAS010280: Activating Infinispan subsystem.
10:57:37,015 INFO  [org.jboss.as.mail.extension] (MSC service thread 1-6) JBAS015400: Bound mail session [java:jboss/mail/Default]
10:57:37,018 INFO  [org.jboss.as.naming] (MSC service thread 1-1) JBAS011802: Starting Naming Service
10:57:37,059 INFO  [org.jboss.as.security] (MSC service thread 1-1) JBAS013370: Current PicketBox version=4.1.2.Final-redhat-1
10:57:37,130 INFO  [org.jboss.as.connector.subsystems.datasources] (ServerService Thread Pool -- 27) JBAS010403: Deploying JDBC-compliant driver class org.h2.Driver (version 1.3)
10:57:37,626 INFO  [org.jboss.remoting] (MSC service thread 1-4) JBoss Remoting version 3.3.8.Final-redhat-1
10:57:38,605 INFO  [org.jboss.as.server.deployment.scanner] (MSC service thread 1-8) JBAS015012: Started FileSystemDeploymentService for directory C:\Trax\DevEnv\jboss-eap-6.4\standalone\deployments
10:57:38,618 INFO  [org.apache.coyote.http11.Http11Protocol] (MSC service thread 1-3) JBWEB003001: Coyote HTTP/1.1 initializing on : http-127.0.0.1:8080
10:57:38,623 INFO  [org.jboss.ws.common.management] (MSC service thread 1-5) JBWS022052: Starting JBoss Web Services - Stack CXF Server 4.3.6.Final-redhat-1
10:57:38,631 INFO  [org.jboss.as.remoting] (MSC service thread 1-1) JBAS017100: Listening on 127.0.0.1:4447
10:57:38,634 INFO  [org.jboss.as.remoting] (MSC service thread 1-7) JBAS017100: Listening on 127.0.0.1:9999
10:57:38,636 INFO  [org.apache.coyote.http11.Http11Protocol] (MSC service thread 1-3) JBWEB003000: Coyote HTTP/1.1 starting on: http-127.0.0.1:8080
10:57:38,659 INFO  [org.jboss.as.server.deployment] (MSC service thread 1-6) JBAS015876: Starting deployment of "taptest.war" (runtime-name: "taptest.war")
10:57:38,893 INFO  [org.jboss.as.connector.subsystems.datasources] (MSC service thread 1-8) JBAS010400: Bound data source [java:jboss/datasources/ExampleDS]
10:57:40,159 INFO  [org.jboss.web] (ServerService Thread Pool -- 50) JBAS018210: Register web context: /taptest
10:57:40,200 INFO  [org.apache.catalina.core.ContainerBase.[jboss.web].[default-host].[/taptest]] (ServerService Thread Pool -- 50) No Spring WebApplicationInitializer types detected on classpath
10:57:40,330 INFO  [org.apache.tapestry5.ioc.RegistryBuilder] (ServerService Thread Pool -- 50) Adding module definition for class org.apache.tapestry5.ioc.services.TapestryIOCModule
10:57:40,390 INFO  [org.apache.tapestry5.ioc.RegistryBuilder] (ServerService Thread Pool -- 50) Adding module definition for class org.apache.tapestry5.services.TapestryModule
10:57:40,583 INFO  [org.apache.tapestry5.ioc.RegistryBuilder] (ServerService Thread Pool -- 50) Adding module definition for class org.apache.tapestry5.internal.services.InternalModule
10:57:40,622 INFO  [org.apache.tapestry5.ioc.RegistryBuilder] (ServerService Thread Pool -- 50) Adding module definition for class org.apache.tapestry5.services.assets.AssetsModule
10:57:40,632 INFO  [org.apache.tapestry5.ioc.RegistryBuilder] (ServerService Thread Pool -- 50) Adding module definition for class org.apache.tapestry5.services.pageload.PageLoadModule
10:57:40,642 INFO  [org.apache.tapestry5.ioc.RegistryBuilder] (ServerService Thread Pool -- 50) Adding module definition for class com.reged.taptest.services.AppModule
10:57:40,857 ERROR [org.apache.tapestry5.ioc.Registry] (ServerService Thread Pool -- 50) Error building service proxy for service 'ApplicationContext' (at org.apache.tapestry5.ioc.internal.util.InternalUtils$12@3bec092e): Service id 'ApplicationContextCustomizer' is not defined by any module.
10:57:40,858 ERROR [org.apache.tapestry5.ioc.Registry] (ServerService Thread Pool -- 50) Operations trace:
10:57:40,858 ERROR [org.apache.tapestry5.ioc.Registry] (ServerService Thread Pool -- 50) [ 1] Realizing service ServletApplicationInitializer
10:57:40,858 ERROR [org.apache.tapestry5.ioc.Registry] (ServerService Thread Pool -- 50) [ 2] Instantiating service ServletApplicationInitializer implementation via org.apache.tapestry5.services.TapestryModule.buildServletApplicationInitializer(Logger, List, ApplicationInitializer) (at TapestryModule.java:1396)
10:57:40,858 ERROR [org.apache.tapestry5.ioc.Registry] (ServerService Thread Pool -- 50) [ 3] Constructing module class org.apache.tapestry5.services.TapestryModule
10:57:40,859 ERROR [org.apache.tapestry5.ioc.Registry] (ServerService Thread Pool -- 50) [ 4] Determining injection value for parameter #1 (org.apache.tapestry5.ioc.services.PipelineBuilder)
10:57:40,859 ERROR [org.apache.tapestry5.ioc.Registry] (ServerService Thread Pool -- 50) [ 5] Realizing service MasterObjectProvider
10:57:40,866 ERROR [org.apache.tapestry5.ioc.Registry] (ServerService Thread Pool -- 50) [ 6] Instantiating service MasterObjectProvider implementation via org.apache.tapestry5.ioc.internal.services.MasterObjectProviderImpl(List, OperationTracker) (at MasterObjectProviderImpl.java:33) via org.apache.tapestry5.ioc.services.TapestryIOCModule.bind(ServiceBinder) (at TapestryIOCModule.java:49)
10:57:40,866 ERROR [org.apache.tapestry5.ioc.Registry] (ServerService Thread Pool -- 50) [ 7] Creating plan to instantiate org.apache.tapestry5.ioc.internal.services.MasterObjectProviderImpl via public org.apache.tapestry5.ioc.internal.services.MasterObjectProviderImpl(java.util.List,org.apache.tapestry5.ioc.OperationTracker)
10:57:40,867 ERROR [org.apache.tapestry5.ioc.Registry] (ServerService Thread Pool -- 50) [ 8] Determining injection value for parameter #1 (java.util.List)
10:57:40,867 ERROR [org.apache.tapestry5.ioc.Registry] (ServerService Thread Pool -- 50) [ 9] Collecting ordered configuration for service MasterObjectProvider
10:57:40,867 ERROR [org.apache.tapestry5.ioc.Registry] (ServerService Thread Pool -- 50) [10] Invoking org.apache.tapestry5.internal.spring.SpringModuleDef$4@3055ba96
10:57:40,868 ERROR [org.apache.tapestry5.ioc.Registry] (ServerService Thread Pool -- 50) [11] Creating proxy for service ApplicationContext
[ERROR] TapestryIOCModule.MasterObjectProvider Construction of service MasterObjectProvider failed: Error building service proxy for service 'ApplicationContext' (at org.apache.tapestry5.ioc.internal.util.InternalUtils$12@3bec092e): Service id 'ApplicationContextCustomizer' is not defined by any module.
org.apache.tapestry5.ioc.internal.OperationException: Error building service proxy for service 'ApplicationContext' (at org.apache.tapestry5.ioc.internal.util.InternalUtils$12@3bec092e): Service id 'ApplicationContextCustomizer' is not defined by any module.
    at org.apache.tapestry5.ioc.internal.OperationTrackerImpl.logAndRethrow(OperationTrackerImpl.java:121)
    at org.apache.tapestry5.ioc.internal.OperationTrackerImpl.invoke(OperationTrackerImpl.java:88)
    at org.apache.tapestry5.ioc.internal.PerThreadOperationTracker.invoke(PerThreadOperationTracker.java:87)
    at org.apache.tapestry5.ioc.internal.RegistryImpl.invoke(RegistryImpl.java:1124)
    at org.apache.tapestry5.ioc.internal.ModuleImpl.create(ModuleImpl.java:332)
    at org.apache.tapestry5.ioc.internal.ModuleImpl.access$100(ModuleImpl.java:39)
    at org.apache.tapestry5.ioc.internal.ModuleImpl$1.invoke(ModuleImpl.java:191)
    at org.apache.tapestry5.ioc.internal.util.ConcurrentBarrier.withWrite(ConcurrentBarrier.java:140)
    at org.apache.tapestry5.ioc.internal.ModuleImpl$2.invoke(ModuleImpl.java:207)
    at org.apache.tapestry5.ioc.internal.util.ConcurrentBarrier.withRead(ConcurrentBarrier.java:85)
    at org.apache.tapestry5.ioc.internal.ModuleImpl.findOrCreate(ModuleImpl.java:213)
    at org.apache.tapestry5.ioc.internal.ModuleImpl.getService(ModuleImpl.java:109)
    at org.apache.tapestry5.ioc.internal.RegistryImpl.getService(RegistryImpl.java:421)
    at org.apache.tapestry5.ioc.internal.ObjectLocatorImpl.getService(ObjectLocatorImpl.java:42)
    at org.apache.tapestry5.internal.spring.SpringModuleDef$4.contribute(SpringModuleDef.java:247)
    at org.apache.tapestry5.ioc.internal.util.InternalUtils$16.contribute(InternalUtils.java:1099)
    at org.apache.tapestry5.ioc.internal.RegistryImpl$9.run(RegistryImpl.java:633)
    at org.apache.tapestry5.ioc.internal.OperationTrackerImpl$1.invoke(OperationTrackerImpl.java:51)
    at org.apache.tapestry5.ioc.internal.OperationTrackerImpl$1.invoke(OperationTrackerImpl.java:49)
    at org.apache.tapestry5.ioc.internal.OperationTrackerImpl.invoke(OperationTrackerImpl.java:74)
    at org.apache.tapestry5.ioc.internal.OperationTrackerImpl.run(OperationTrackerImpl.java:47)
    at org.apache.tapestry5.ioc.internal.PerThreadOperationTracker.run(PerThreadOperationTracker.java:76)
    at org.apache.tapestry5.ioc.internal.RegistryImpl.addToOrderedConfiguration(RegistryImpl.java:629)
    at org.apache.tapestry5.ioc.internal.RegistryImpl.getOrderedConfiguration(RegistryImpl.java:483)
    at org.apache.tapestry5.ioc.internal.ServiceResourcesImpl$2.invoke(ServiceResourcesImpl.java:110)
    at org.apache.tapestry5.ioc.internal.ServiceResourcesImpl$2.invoke(ServiceResourcesImpl.java:108)
    at org.apache.tapestry5.ioc.internal.OperationTrackerImpl.invoke(OperationTrackerImpl.java:74)
    at org.apache.tapestry5.ioc.internal.PerThreadOperationTracker.invoke(PerThreadOperationTracker.java:87)
    at org.apache.tapestry5.ioc.internal.RegistryImpl.invoke(RegistryImpl.java:1124)
    at org.apache.tapestry5.ioc.internal.ServiceResourcesImpl.getOrderedConfiguration(ServiceResourcesImpl.java:105)
    at org.apache.tapestry5.ioc.internal.AbstractServiceCreator.getOrderedConfiguration(AbstractServiceCreator.java:123)
    at org.apache.tapestry5.ioc.internal.AbstractServiceCreator.access$200(AbstractServiceCreator.java:35)
    at org.apache.tapestry5.ioc.internal.AbstractServiceCreator$1.findResource(AbstractServiceCreator.java:103)
    at org.apache.tapestry5.ioc.internal.util.DelegatingInjectionResources.findResource(DelegatingInjectionResources.java:38)
    at org.apache.tapestry5.ioc.internal.util.InternalUtils.calculateInjection(InternalUtils.java:231)
    at org.apache.tapestry5.ioc.internal.util.InternalUtils.access$000(InternalUtils.java:50)
    at org.apache.tapestry5.ioc.internal.util.InternalUtils$4.invoke(InternalUtils.java:289)
    at org.apache.tapestry5.ioc.internal.util.InternalUtils$4.invoke(InternalUtils.java:287)
    at org.apache.tapestry5.ioc.internal.OperationTrackerImpl.invoke(OperationTrackerImpl.java:74)
    at org.apache.tapestry5.ioc.internal.PerThreadOperationTracker.invoke(PerThreadOperationTracker.java:87)
    at org.apache.tapestry5.ioc.internal.RegistryImpl.invoke(RegistryImpl.java:1124)
    at org.apache.tapestry5.ioc.internal.util.InternalUtils.calculateParameters(InternalUtils.java:293)
    at org.apache.tapestry5.ioc.internal.util.InternalUtils$23.invoke(InternalUtils.java:1488)
    at org.apache.tapestry5.ioc.internal.util.InternalUtils$23.invoke(InternalUtils.java:1484)
    at org.apache.tapestry5.ioc.internal.OperationTrackerImpl.invoke(OperationTrackerImpl.java:74)
    at org.apache.tapestry5.ioc.internal.PerThreadOperationTracker.invoke(PerThreadOperationTracker.java:87)
    at org.apache.tapestry5.ioc.internal.RegistryImpl.invoke(RegistryImpl.java:1124)
    at org.apache.tapestry5.ioc.internal.util.InternalUtils.createConstructorConstructionPlan(InternalUtils.java:1480)
    at org.apache.tapestry5.ioc.internal.ConstructorServiceCreator.getPlan(ConstructorServiceCreator.java:52)
    at org.apache.tapestry5.ioc.internal.ConstructorServiceCreator.createObject(ConstructorServiceCreator.java:61)
    at org.apache.tapestry5.ioc.internal.OperationTrackingObjectCreator$1.invoke(OperationTrackingObjectCreator.java:45)
    at org.apache.tapestry5.ioc.internal.OperationTrackerImpl.invoke(OperationTrackerImpl.java:74)
    at org.apache.tapestry5.ioc.internal.PerThreadOperationTracker.invoke(PerThreadOperationTracker.java:87)
    at org.apache.tapestry5.ioc.internal.RegistryImpl.invoke(RegistryImpl.java:1124)
    at org.apache.tapestry5.ioc.internal.OperationTrackingObjectCreator.createObject(OperationTrackingObjectCreator.java:49)
    at org.apache.tapestry5.ioc.internal.SingletonServiceLifecycle.createService(SingletonServiceLifecycle.java:29)
    at org.apache.tapestry5.ioc.internal.LifecycleWrappedServiceCreator.createObject(LifecycleWrappedServiceCreator.java:46)
    at org.apache.tapestry5.ioc.internal.RecursiveServiceCreationCheckWrapper.createObject(RecursiveServiceCreationCheckWrapper.java:60)
    at org.apache.tapestry5.ioc.internal.OperationTrackingObjectCreator$1.invoke(OperationTrackingObjectCreator.java:45)
    at org.apache.tapestry5.ioc.internal.OperationTrackerImpl.invoke(OperationTrackerImpl.java:74)
    at org.apache.tapestry5.ioc.internal.PerThreadOperationTracker.invoke(PerThreadOperationTracker.java:87)
    at org.apache.tapestry5.ioc.internal.RegistryImpl.invoke(RegistryImpl.java:1124)
    at org.apache.tapestry5.ioc.internal.OperationTrackingObjectCreator.createObject(OperationTrackingObjectCreator.java:49)
    at org.apache.tapestry5.ioc.internal.services.JustInTimeObjectCreator.obtainObjectFromCreator(JustInTimeObjectCreator.java:66)
    at org.apache.tapestry5.ioc.internal.services.JustInTimeObjectCreator.createObject(JustInTimeObjectCreator.java:54)
    at $MasterObjectProvider_73cde33b04d.delegate(Unknown Source)
    at $MasterObjectProvider_73cde33b04d.provide(Unknown Source)
    at org.apache.tapestry5.ioc.internal.RegistryImpl.getObject(RegistryImpl.java:871)
    at org.apache.tapestry5.ioc.internal.ObjectLocatorImpl.getObject(ObjectLocatorImpl.java:57)
    at org.apache.tapestry5.ioc.internal.util.InternalUtils.calculateInjection(InternalUtils.java:257)
    at org.apache.tapestry5.ioc.internal.util.InternalUtils.access$000(InternalUtils.java:50)
    at org.apache.tapestry5.ioc.internal.util.InternalUtils$4.invoke(InternalUtils.java:289)
    at org.apache.tapestry5.ioc.internal.util.InternalUtils$4.invoke(InternalUtils.java:287)
    at org.apache.tapestry5.ioc.internal.OperationTrackerImpl.invoke(OperationTrackerImpl.java:74)
    at org.apache.tapestry5.ioc.internal.PerThreadOperationTracker.invoke(PerThreadOperationTracker.java:87)
    at org.apache.tapestry5.ioc.internal.RegistryImpl.invoke(RegistryImpl.java:1124)
    at org.apache.tapestry5.ioc.internal.util.InternalUtils.calculateParameters(InternalUtils.java:293)
    at org.apache.tapestry5.ioc.internal.ModuleImpl.instantiateModuleInstance(ModuleImpl.java:425)
    at org.apache.tapestry5.ioc.internal.ModuleImpl.access$1200(ModuleImpl.java:39)
    at org.apache.tapestry5.ioc.internal.ModuleImpl$6$1.invoke(ModuleImpl.java:355)
    at org.apache.tapestry5.ioc.internal.OperationTrackerImpl.invoke(OperationTrackerImpl.java:74)
    at org.apache.tapestry5.ioc.internal.PerThreadOperationTracker.invoke(PerThreadOperationTracker.java:87)
    at org.apache.tapestry5.ioc.internal.RegistryImpl.invoke(RegistryImpl.java:1124)
    at org.apache.tapestry5.ioc.internal.ModuleImpl$6.run(ModuleImpl.java:350)
    at org.apache.tapestry5.ioc.internal.util.ConcurrentBarrier$2.invoke(ConcurrentBarrier.java:200)
    at org.apache.tapestry5.ioc.internal.util.ConcurrentBarrier$2.invoke(ConcurrentBarrier.java:198)
    at org.apache.tapestry5.ioc.internal.util.ConcurrentBarrier.withWrite(ConcurrentBarrier.java:140)
    at org.apache.tapestry5.ioc.internal.util.ConcurrentBarrier.withWrite(ConcurrentBarrier.java:206)
    at org.apache.tapestry5.ioc.internal.ModuleImpl$7.invoke(ModuleImpl.java:366)
    at org.apache.tapestry5.ioc.internal.util.ConcurrentBarrier.withRead(ConcurrentBarrier.java:85)
    at org.apache.tapestry5.ioc.internal.ModuleImpl.getModuleBuilder(ModuleImpl.java:374)
    at org.apache.tapestry5.ioc.internal.ServiceResourcesImpl.getModuleBuilder(ServiceResourcesImpl.java:138)
    at org.apache.tapestry5.ioc.internal.ServiceBuilderMethodInvoker.getPlan(ServiceBuilderMethodInvoker.java:47)
    at org.apache.tapestry5.ioc.internal.ServiceBuilderMethodInvoker.createObject(ServiceBuilderMethodInvoker.java:60)
    at org.apache.tapestry5.ioc.internal.OperationTrackingObjectCreator$1.invoke(OperationTrackingObjectCreator.java:45)
    at org.apache.tapestry5.ioc.internal.OperationTrackerImpl.invoke(OperationTrackerImpl.java:74)
    at org.apache.tapestry5.ioc.internal.PerThreadOperationTracker.invoke(PerThreadOperationTracker.java:87)
    at org.apache.tapestry5.ioc.internal.RegistryImpl.invoke(RegistryImpl.java:1124)
    at org.apache.tapestry5.ioc.internal.OperationTrackingObjectCreator.createObject(OperationTrackingObjectCreator.java:49)
    at org.apache.tapestry5.ioc.internal.SingletonServiceLifecycle.createService(SingletonServiceLifecycle.java:29)
    at org.apache.tapestry5.ioc.internal.LifecycleWrappedServiceCreator.createObject(LifecycleWrappedServiceCreator.java:46)
    at org.apache.tapestry5.ioc.internal.AdvisorStackBuilder.createObject(AdvisorStackBuilder.java:63)
    at org.apache.tapestry5.ioc.internal.InterceptorStackBuilder.createObject(InterceptorStackBuilder.java:54)
    at org.apache.tapestry5.ioc.internal.RecursiveServiceCreationCheckWrapper.createObject(RecursiveServiceCreationCheckWrapper.java:60)
    at org.apache.tapestry5.ioc.internal.OperationTrackingObjectCreator$1.invoke(OperationTrackingObjectCreator.java:45)
    at org.apache.tapestry5.ioc.internal.OperationTrackerImpl.invoke(OperationTrackerImpl.java:74)
    at org.apache.tapestry5.ioc.internal.PerThreadOperationTracker.invoke(PerThreadOperationTracker.java:87)
    at org.apache.tapestry5.ioc.internal.RegistryImpl.invoke(RegistryImpl.java:1124)
    at org.apache.tapestry5.ioc.internal.OperationTrackingObjectCreator.createObject(OperationTrackingObjectCreator.java:49)
    at org.apache.tapestry5.ioc.internal.services.JustInTimeObjectCreator.obtainObjectFromCreator(JustInTimeObjectCreator.java:66)
    at org.apache.tapestry5.ioc.internal.services.JustInTimeObjectCreator.createObject(JustInTimeObjectCreator.java:54)
    at $ServletApplicationInitializer_73cde33b04c.delegate(Unknown Source)
    at $ServletApplicationInitializer_73cde33b04c.initializeApplication(Unknown Source)
    at org.apache.tapestry5.TapestryFilter.init(TapestryFilter.java:116)
    at org.apache.catalina.core.ApplicationFilterConfig.getFilter(ApplicationFilterConfig.java:416)
    at org.apache.catalina.core.StandardContext.filterStart(StandardContext.java:3225)
    at org.apache.catalina.core.StandardContext.start(StandardContext.java:3794)
    at org.jboss.as.web.deployment.WebDeploymentService.doStart(WebDeploymentService.java:163)
    at org.jboss.as.web.deployment.WebDeploymentService.access$000(WebDeploymentService.java:61)
    at org.jboss.as.web.deployment.WebDeploymentService$1.run(WebDeploymentService.java:96)
    at java.util.concurrent.Executors$RunnableAdapter.call(Executors.java:511)
    at java.util.concurrent.FutureTask.run(FutureTask.java:266)
    at java.util.concurrent.ThreadPoolExecutor.runWorker(ThreadPoolExecutor.java:1142)
    at java.util.concurrent.ThreadPoolExecutor$Worker.run(ThreadPoolExecutor.java:617)
    at java.lang.Thread.run(Thread.java:745)
    at org.jboss.threads.JBossThread.run(JBossThread.java:122)
Caused by: java.lang.RuntimeException: Error building service proxy for service 'ApplicationContext' (at org.apache.tapestry5.ioc.internal.util.InternalUtils$12@3bec092e): Service id 'ApplicationContextCustomizer' is not defined by any module.
    at org.apache.tapestry5.ioc.internal.ModuleImpl$4.invoke(ModuleImpl.java:327)
    at org.apache.tapestry5.ioc.internal.OperationTrackerImpl.invoke(OperationTrackerImpl.java:74)
    ... 124 more
Caused by: org.apache.tapestry5.ioc.util.UnknownValueException: Service id 'ApplicationContextCustomizer' is not defined by any module.
    at org.apache.tapestry5.ioc.internal.RegistryImpl.locateModuleForService(RegistryImpl.java:453)
    at org.apache.tapestry5.ioc.internal.RegistryImpl.getService(RegistryImpl.java:419)
    at org.apache.tapestry5.ioc.internal.ObjectLocatorImpl.getService(ObjectLocatorImpl.java:42)
    at org.apache.tapestry5.internal.spring.SpringModuleDef$1.createServiceCreator(SpringModuleDef.java:118)
    at org.apache.tapestry5.ioc.internal.util.InternalUtils$13.createServiceCreator(InternalUtils.java:941)
    at org.apache.tapestry5.ioc.internal.util.InternalUtils$12.createServiceCreator(InternalUtils.java:893)
    at org.apache.tapestry5.ioc.internal.ModuleImpl$4.invoke(ModuleImpl.java:267)
    ... 125 more
10:57:40,887 ERROR [org.apache.tapestry5.services.TapestryModule.ServletApplicationInitializer] (ServerService Thread Pool -- 50) Construction of service ServletApplicationInitializer failed: Unable to instantiate class org.apache.tapestry5.services.TapestryModule as a module: Exception constructing service 'MasterObjectProvider': Error building service proxy for service 'ApplicationContext' (at org.apache.tapestry5.ioc.internal.util.InternalUtils$12@3bec092e): Service id 'ApplicationContextCustomizer' is not defined by any module.: java.lang.RuntimeException: Unable to instantiate class org.apache.tapestry5.services.TapestryModule as a module: Exception constructing service 'MasterObjectProvider': Error building service proxy for service 'ApplicationContext' (at org.apache.tapestry5.ioc.internal.util.InternalUtils$12@3bec092e): Service id 'ApplicationContextCustomizer' is not defined by any module.
    at org.apache.tapestry5.ioc.internal.ModuleImpl.instantiateModuleInstance(ModuleImpl.java:447) [tapestry-ioc-5.3.8.jar:]
    at org.apache.tapestry5.ioc.internal.ModuleImpl.access$1200(ModuleImpl.java:39) [tapestry-ioc-5.3.8.jar:]
    at org.apache.tapestry5.ioc.internal.ModuleImpl$6$1.invoke(ModuleImpl.java:355) [tapestry-ioc-5.3.8.jar:]
    at org.apache.tapestry5.ioc.internal.OperationTrackerImpl.invoke(OperationTrackerImpl.java:74) [tapestry-ioc-5.3.8.jar:]
    at org.apache.tapestry5.ioc.internal.PerThreadOperationTracker.invoke(PerThreadOperationTracker.java:87) [tapestry-ioc-5.3.8.jar:]
    at org.apache.tapestry5.ioc.internal.RegistryImpl.invoke(RegistryImpl.java:1124) [tapestry-ioc-5.3.8.jar:]
    at org.apache.tapestry5.ioc.internal.ModuleImpl$6.run(ModuleImpl.java:350) [tapestry-ioc-5.3.8.jar:]
    at org.apache.tapestry5.ioc.internal.util.ConcurrentBarrier$2.invoke(ConcurrentBarrier.java:200) [tapestry-ioc-5.3.8.jar:]
    at org.apache.tapestry5.ioc.internal.util.ConcurrentBarrier$2.invoke(ConcurrentBarrier.java:198) [tapestry-ioc-5.3.8.jar:]
    at org.apache.tapestry5.ioc.internal.util.ConcurrentBarrier.withWrite(ConcurrentBarrier.java:140) [tapestry-ioc-5.3.8.jar:]
    at org.apache.tapestry5.ioc.internal.util.ConcurrentBarrier.withWrite(ConcurrentBarrier.java:206) [tapestry-ioc-5.3.8.jar:]
    at org.apache.tapestry5.ioc.internal.ModuleImpl$7.invoke(ModuleImpl.java:366) [tapestry-ioc-5.3.8.jar:]
    at org.apache.tapestry5.ioc.internal.util.ConcurrentBarrier.withRead(ConcurrentBarrier.java:85) [tapestry-ioc-5.3.8.jar:]
    at org.apache.tapestry5.ioc.internal.ModuleImpl.getModuleBuilder(ModuleImpl.java:374) [tapestry-ioc-5.3.8.jar:]
    at org.apache.tapestry5.ioc.internal.ServiceResourcesImpl.getModuleBuilder(ServiceResourcesImpl.java:138) [tapestry-ioc-5.3.8.jar:]
    at org.apache.tapestry5.ioc.internal.ServiceBuilderMethodInvoker.getPlan(ServiceBuilderMethodInvoker.java:47) [tapestry-ioc-5.3.8.jar:]
    at org.apache.tapestry5.ioc.internal.ServiceBuilderMethodInvoker.createObject(ServiceBuilderMethodInvoker.java:60) [tapestry-ioc-5.3.8.jar:]
    at org.apache.tapestry5.ioc.internal.OperationTrackingObjectCreator$1.invoke(OperationTrackingObjectCreator.java:45) [tapestry-ioc-5.3.8.jar:]
    at org.apache.tapestry5.ioc.internal.OperationTrackerImpl.invoke(OperationTrackerImpl.java:74) [tapestry-ioc-5.3.8.jar:]
    at org.apache.tapestry5.ioc.internal.PerThreadOperationTracker.invoke(PerThreadOperationTracker.java:87) [tapestry-ioc-5.3.8.jar:]
    at org.apache.tapestry5.ioc.internal.RegistryImpl.invoke(RegistryImpl.java:1124) [tapestry-ioc-5.3.8.jar:]
    at org.apache.tapestry5.ioc.internal.OperationTrackingObjectCreator.createObject(OperationTrackingObjectCreator.java:49) [tapestry-ioc-5.3.8.jar:]
    at org.apache.tapestry5.ioc.internal.SingletonServiceLifecycle.createService(SingletonServiceLifecycle.java:29) [tapestry-ioc-5.3.8.jar:]
    at org.apache.tapestry5.ioc.internal.LifecycleWrappedServiceCreator.createObject(LifecycleWrappedServiceCreator.java:46) [tapestry-ioc-5.3.8.jar:]
    at org.apache.tapestry5.ioc.internal.AdvisorStackBuilder.createObject(AdvisorStackBuilder.java:63) [tapestry-ioc-5.3.8.jar:]
    at org.apache.tapestry5.ioc.internal.InterceptorStackBuilder.createObject(InterceptorStackBuilder.java:54) [tapestry-ioc-5.3.8.jar:]
    at org.apache.tapestry5.ioc.internal.RecursiveServiceCreationCheckWrapper.createObject(RecursiveServiceCreationCheckWrapper.java:60) [tapestry-ioc-5.3.8.jar:]
    at org.apache.tapestry5.ioc.internal.OperationTrackingObjectCreator$1.invoke(OperationTrackingObjectCreator.java:45) [tapestry-ioc-5.3.8.jar:]
    at org.apache.tapestry5.ioc.internal.OperationTrackerImpl.invoke(OperationTrackerImpl.java:74) [tapestry-ioc-5.3.8.jar:]
    at org.apache.tapestry5.ioc.internal.PerThreadOperationTracker.invoke(PerThreadOperationTracker.java:87) [tapestry-ioc-5.3.8.jar:]
    at org.apache.tapestry5.ioc.internal.RegistryImpl.invoke(RegistryImpl.java:1124) [tapestry-ioc-5.3.8.jar:]
    at org.apache.tapestry5.ioc.internal.OperationTrackingObjectCreator.createObject(OperationTrackingObjectCreator.java:49) [tapestry-ioc-5.3.8.jar:]
    at org.apache.tapestry5.ioc.internal.services.JustInTimeObjectCreator.obtainObjectFromCreator(JustInTimeObjectCreator.java:66) [tapestry-ioc-5.3.8.jar:]
    at org.apache.tapestry5.ioc.internal.services.JustInTimeObjectCreator.createObject(JustInTimeObjectCreator.java:54) [tapestry-ioc-5.3.8.jar:]
    at $ServletApplicationInitializer_73cde33b04c.delegate(Unknown Source)
    at $ServletApplicationInitializer_73cde33b04c.initializeApplication(Unknown Source)
    at org.apache.tapestry5.TapestryFilter.init(TapestryFilter.java:116) [tapestry-core-5.3.8.jar:]
    at org.apache.catalina.core.ApplicationFilterConfig.getFilter(ApplicationFilterConfig.java:416) [jbossweb-7.5.19.Final-redhat-1.jar:7.5.19.Final-redhat-1]
    at org.apache.catalina.core.StandardContext.filterStart(StandardContext.java:3225) [jbossweb-7.5.19.Final-redhat-1.jar:7.5.19.Final-redhat-1]
    at org.apache.catalina.core.StandardContext.start(StandardContext.java:3794) [jbossweb-7.5.19.Final-redhat-1.jar:7.5.19.Final-redhat-1]
    at org.jboss.as.web.deployment.WebDeploymentService.doStart(WebDeploymentService.java:163) [jboss-as-web-7.5.11.Final-redhat-1.jar:7.5.11.Final-redhat-1]
    at org.jboss.as.web.deployment.WebDeploymentService.access$000(WebDeploymentService.java:61) [jboss-as-web-7.5.11.Final-redhat-1.jar:7.5.11.Final-redhat-1]
    at org.jboss.as.web.deployment.WebDeploymentService$1.run(WebDeploymentService.java:96) [jboss-as-web-7.5.11.Final-redhat-1.jar:7.5.11.Final-redhat-1]
    at java.util.concurrent.Executors$RunnableAdapter.call(Executors.java:511) [rt.jar:1.8.0_112]
    at java.util.concurrent.FutureTask.run(FutureTask.java:266) [rt.jar:1.8.0_112]
    at java.util.concurrent.ThreadPoolExecutor.runWorker(ThreadPoolExecutor.java:1142) [rt.jar:1.8.0_112]
    at java.util.concurrent.ThreadPoolExecutor$Worker.run(ThreadPoolExecutor.java:617) [rt.jar:1.8.0_112]
    at java.lang.Thread.run(Thread.java:745) [rt.jar:1.8.0_112]
    at org.jboss.threads.JBossThread.run(JBossThread.java:122)
Caused by: java.lang.RuntimeException: Exception constructing service 'MasterObjectProvider': Error building service proxy for service 'ApplicationContext' (at org.apache.tapestry5.ioc.internal.util.InternalUtils$12@3bec092e): Service id 'ApplicationContextCustomizer' is not defined by any module.
    at org.apache.tapestry5.ioc.internal.services.JustInTimeObjectCreator.obtainObjectFromCreator(JustInTimeObjectCreator.java:75) [tapestry-ioc-5.3.8.jar:]
    at org.apache.tapestry5.ioc.internal.services.JustInTimeObjectCreator.createObject(JustInTimeObjectCreator.java:54) [tapestry-ioc-5.3.8.jar:]
    at $MasterObjectProvider_73cde33b04d.delegate(Unknown Source)
    at $MasterObjectProvider_73cde33b04d.provide(Unknown Source)
    at org.apache.tapestry5.ioc.internal.RegistryImpl.getObject(RegistryImpl.java:871) [tapestry-ioc-5.3.8.jar:]
    at org.apache.tapestry5.ioc.internal.ObjectLocatorImpl.getObject(ObjectLocatorImpl.java:57) [tapestry-ioc-5.3.8.jar:]
    at org.apache.tapestry5.ioc.internal.util.InternalUtils.calculateInjection(InternalUtils.java:257) [tapestry-ioc-5.3.8.jar:]
    at org.apache.tapestry5.ioc.internal.util.InternalUtils.access$000(InternalUtils.java:50) [tapestry-ioc-5.3.8.jar:]
    at org.apache.tapestry5.ioc.internal.util.InternalUtils$4.invoke(InternalUtils.java:289) [tapestry-ioc-5.3.8.jar:]
    at org.apache.tapestry5.ioc.internal.util.InternalUtils$4.invoke(InternalUtils.java:287) [tapestry-ioc-5.3.8.jar:]
    at org.apache.tapestry5.ioc.internal.OperationTrackerImpl.invoke(OperationTrackerImpl.java:74) [tapestry-ioc-5.3.8.jar:]
    at org.apache.tapestry5.ioc.internal.PerThreadOperationTracker.invoke(PerThreadOperationTracker.java:87) [tapestry-ioc-5.3.8.jar:]
    at org.apache.tapestry5.ioc.internal.RegistryImpl.invoke(RegistryImpl.java:1124) [tapestry-ioc-5.3.8.jar:]
    at org.apache.tapestry5.ioc.internal.util.InternalUtils.calculateParameters(InternalUtils.java:293) [tapestry-ioc-5.3.8.jar:]
    at org.apache.tapestry5.ioc.internal.ModuleImpl.instantiateModuleInstance(ModuleImpl.java:425) [tapestry-ioc-5.3.8.jar:]
    ... 48 more
Caused by: org.apache.tapestry5.ioc.internal.OperationException: Error building service proxy for service 'ApplicationContext' (at org.apache.tapestry5.ioc.internal.util.InternalUtils$12@3bec092e): Service id 'ApplicationContextCustomizer' is not defined by any module.
    at org.apache.tapestry5.ioc.internal.OperationTrackerImpl.logAndRethrow(OperationTrackerImpl.java:121) [tapestry-ioc-5.3.8.jar:]
    at org.apache.tapestry5.ioc.internal.OperationTrackerImpl.invoke(OperationTrackerImpl.java:88) [tapestry-ioc-5.3.8.jar:]
    at org.apache.tapestry5.ioc.internal.PerThreadOperationTracker.invoke(PerThreadOperationTracker.java:87) [tapestry-ioc-5.3.8.jar:]
    at org.apache.tapestry5.ioc.internal.RegistryImpl.invoke(RegistryImpl.java:1124) [tapestry-ioc-5.3.8.jar:]
    at org.apache.tapestry5.ioc.internal.ModuleImpl.create(ModuleImpl.java:332) [tapestry-ioc-5.3.8.jar:]
    at org.apache.tapestry5.ioc.internal.ModuleImpl.access$100(ModuleImpl.java:39) [tapestry-ioc-5.3.8.jar:]
    at org.apache.tapestry5.ioc.internal.ModuleImpl$1.invoke(ModuleImpl.java:191) [tapestry-ioc-5.3.8.jar:]
    at org.apache.tapestry5.ioc.internal.util.ConcurrentBarrier.withWrite(ConcurrentBarrier.java:140) [tapestry-ioc-5.3.8.jar:]
    at org.apache.tapestry5.ioc.internal.ModuleImpl$2.invoke(ModuleImpl.java:207) [tapestry-ioc-5.3.8.jar:]
    at org.apache.tapestry5.ioc.internal.util.ConcurrentBarrier.withRead(ConcurrentBarrier.java:85) [tapestry-ioc-5.3.8.jar:]
    at org.apache.tapestry5.ioc.internal.ModuleImpl.findOrCreate(ModuleImpl.java:213) [tapestry-ioc-5.3.8.jar:]
    at org.apache.tapestry5.ioc.internal.ModuleImpl.getService(ModuleImpl.java:109) [tapestry-ioc-5.3.8.jar:]
    at org.apache.tapestry5.ioc.internal.RegistryImpl.getService(RegistryImpl.java:421) [tapestry-ioc-5.3.8.jar:]
    at org.apache.tapestry5.ioc.internal.ObjectLocatorImpl.getService(ObjectLocatorImpl.java:42) [tapestry-ioc-5.3.8.jar:]
    at org.apache.tapestry5.internal.spring.SpringModuleDef$4.contribute(SpringModuleDef.java:247) [tapestry-spring-5.3.8.jar:]
    at org.apache.tapestry5.ioc.internal.util.InternalUtils$16.contribute(InternalUtils.java:1099) [tapestry-ioc-5.3.8.jar:]
    at org.apache.tapestry5.ioc.internal.RegistryImpl$9.run(RegistryImpl.java:633) [tapestry-ioc-5.3.8.jar:]
    at org.apache.tapestry5.ioc.internal.OperationTrackerImpl$1.invoke(OperationTrackerImpl.java:51) [tapestry-ioc-5.3.8.jar:]
    at org.apache.tapestry5.ioc.internal.OperationTrackerImpl$1.invoke(OperationTrackerImpl.java:49) [tapestry-ioc-5.3.8.jar:]
    at org.apache.tapestry5.ioc.internal.OperationTrackerImpl.invoke(OperationTrackerImpl.java:74) [tapestry-ioc-5.3.8.jar:]
    at org.apache.tapestry5.ioc.internal.OperationTrackerImpl.run(OperationTrackerImpl.java:47) [tapestry-ioc-5.3.8.jar:]
    at org.apache.tapestry5.ioc.internal.PerThreadOperationTracker.run(PerThreadOperationTracker.java:76) [tapestry-ioc-5.3.8.jar:]
    at org.apache.tapestry5.ioc.internal.RegistryImpl.addToOrderedConfiguration(RegistryImpl.java:629) [tapestry-ioc-5.3.8.jar:]
    at org.apache.tapestry5.ioc.internal.RegistryImpl.getOrderedConfiguration(RegistryImpl.java:483) [tapestry-ioc-5.3.8.jar:]
    at org.apache.tapestry5.ioc.internal.ServiceResourcesImpl$2.invoke(ServiceResourcesImpl.java:110) [tapestry-ioc-5.3.8.jar:]
    at org.apache.tapestry5.ioc.internal.ServiceResourcesImpl$2.invoke(ServiceResourcesImpl.java:108) [tapestry-ioc-5.3.8.jar:]
    at org.apache.tapestry5.ioc.internal.OperationTrackerImpl.invoke(OperationTrackerImpl.java:74) [tapestry-ioc-5.3.8.jar:]
    at org.apache.tapestry5.ioc.internal.PerThreadOperationTracker.invoke(PerThreadOperationTracker.java:87) [tapestry-ioc-5.3.8.jar:]
    at org.apache.tapestry5.ioc.internal.RegistryImpl.invoke(RegistryImpl.java:1124) [tapestry-ioc-5.3.8.jar:]
    at org.apache.tapestry5.ioc.internal.ServiceResourcesImpl.getOrderedConfiguration(ServiceResourcesImpl.java:105) [tapestry-ioc-5.3.8.jar:]
    at org.apache.tapestry5.ioc.internal.AbstractServiceCreator.getOrderedConfiguration(AbstractServiceCreator.java:123) [tapestry-ioc-5.3.8.jar:]
    at org.apache.tapestry5.ioc.internal.AbstractServiceCreator.access$200(AbstractServiceCreator.java:35) [tapestry-ioc-5.3.8.jar:]
    at org.apache.tapestry5.ioc.internal.AbstractServiceCreator$1.findResource(AbstractServiceCreator.java:103) [tapestry-ioc-5.3.8.jar:]
    at org.apache.tapestry5.ioc.internal.util.DelegatingInjectionResources.findResource(DelegatingInjectionResources.java:38) [tapestry-ioc-5.3.8.jar:]
    at org.apache.tapestry5.ioc.internal.util.InternalUtils.calculateInjection(InternalUtils.java:231) [tapestry-ioc-5.3.8.jar:]
    at org.apache.tapestry5.ioc.internal.util.InternalUtils.access$000(InternalUtils.java:50) [tapestry-ioc-5.3.8.jar:]
    at org.apache.tapestry5.ioc.internal.util.InternalUtils$4.invoke(InternalUtils.java:289) [tapestry-ioc-5.3.8.jar:]
    at org.apache.tapestry5.ioc.internal.util.InternalUtils$4.invoke(InternalUtils.java:287) [tapestry-ioc-5.3.8.jar:]
    at org.apache.tapestry5.ioc.internal.OperationTrackerImpl.invoke(OperationTrackerImpl.java:74) [tapestry-ioc-5.3.8.jar:]
    at org.apache.tapestry5.ioc.internal.PerThreadOperationTracker.invoke(PerThreadOperationTracker.java:87) [tapestry-ioc-5.3.8.jar:]
    at org.apache.tapestry5.ioc.internal.RegistryImpl.invoke(RegistryImpl.java:1124) [tapestry-ioc-5.3.8.jar:]
    at org.apache.tapestry5.ioc.internal.util.InternalUtils.calculateParameters(InternalUtils.java:293) [tapestry-ioc-5.3.8.jar:]
    at org.apache.tapestry5.ioc.internal.util.InternalUtils$23.invoke(InternalUtils.java:1488) [tapestry-ioc-5.3.8.jar:]
    at org.apache.tapestry5.ioc.internal.util.InternalUtils$23.invoke(InternalUtils.java:1484) [tapestry-ioc-5.3.8.jar:]
    at org.apache.tapestry5.ioc.internal.OperationTrackerImpl.invoke(OperationTrackerImpl.java:74) [tapestry-ioc-5.3.8.jar:]
    at org.apache.tapestry5.ioc.internal.PerThreadOperationTracker.invoke(PerThreadOperationTracker.java:87) [tapestry-ioc-5.3.8.jar:]
    at org.apache.tapestry5.ioc.internal.RegistryImpl.invoke(RegistryImpl.java:1124) [tapestry-ioc-5.3.8.jar:]
    at org.apache.tapestry5.ioc.internal.util.InternalUtils.createConstructorConstructionPlan(InternalUtils.java:1480) [tapestry-ioc-5.3.8.jar:]
    at org.apache.tapestry5.ioc.internal.ConstructorServiceCreator.getPlan(ConstructorServiceCreator.java:52) [tapestry-ioc-5.3.8.jar:]
    at org.apache.tapestry5.ioc.internal.ConstructorServiceCreator.createObject(ConstructorServiceCreator.java:61) [tapestry-ioc-5.3.8.jar:]
    at org.apache.tapestry5.ioc.internal.OperationTrackingObjectCreator$1.invoke(OperationTrackingObjectCreator.java:45) [tapestry-ioc-5.3.8.jar:]
    at org.apache.tapestry5.ioc.internal.OperationTrackerImpl.invoke(OperationTrackerImpl.java:74) [tapestry-ioc-5.3.8.jar:]
    at org.apache.tapestry5.ioc.internal.PerThreadOperationTracker.invoke(PerThreadOperationTracker.java:87) [tapestry-ioc-5.3.8.jar:]
    at org.apache.tapestry5.ioc.internal.RegistryImpl.invoke(RegistryImpl.java:1124) [tapestry-ioc-5.3.8.jar:]
    at org.apache.tapestry5.ioc.internal.OperationTrackingObjectCreator.createObject(OperationTrackingObjectCreator.java:49) [tapestry-ioc-5.3.8.jar:]
    at org.apache.tapestry5.ioc.internal.SingletonServiceLifecycle.createService(SingletonServiceLifecycle.java:29) [tapestry-ioc-5.3.8.jar:]
    at org.apache.tapestry5.ioc.internal.LifecycleWrappedServiceCreator.createObject(LifecycleWrappedServiceCreator.java:46) [tapestry-ioc-5.3.8.jar:]
    at org.apache.tapestry5.ioc.internal.RecursiveServiceCreationCheckWrapper.createObject(RecursiveServiceCreationCheckWrapper.java:60) [tapestry-ioc-5.3.8.jar:]
    at org.apache.tapestry5.ioc.internal.OperationTrackingObjectCreator$1.invoke(OperationTrackingObjectCreator.java:45) [tapestry-ioc-5.3.8.jar:]
    at org.apache.tapestry5.ioc.internal.OperationTrackerImpl.invoke(OperationTrackerImpl.java:74) [tapestry-ioc-5.3.8.jar:]
    at org.apache.tapestry5.ioc.internal.PerThreadOperationTracker.invoke(PerThreadOperationTracker.java:87) [tapestry-ioc-5.3.8.jar:]
    at org.apache.tapestry5.ioc.internal.RegistryImpl.invoke(RegistryImpl.java:1124) [tapestry-ioc-5.3.8.jar:]
    at org.apache.tapestry5.ioc.internal.OperationTrackingObjectCreator.createObject(OperationTrackingObjectCreator.java:49) [tapestry-ioc-5.3.8.jar:]
    at org.apache.tapestry5.ioc.internal.services.JustInTimeObjectCreator.obtainObjectFromCreator(JustInTimeObjectCreator.java:66) [tapestry-ioc-5.3.8.jar:]
    ... 62 more
Caused by: java.lang.RuntimeException: Error building service proxy for service 'ApplicationContext' (at org.apache.tapestry5.ioc.internal.util.InternalUtils$12@3bec092e): Service id 'ApplicationContextCustomizer' is not defined by any module.
    at org.apache.tapestry5.ioc.internal.ModuleImpl$4.invoke(ModuleImpl.java:327) [tapestry-ioc-5.3.8.jar:]
    at org.apache.tapestry5.ioc.internal.OperationTrackerImpl.invoke(OperationTrackerImpl.java:74) [tapestry-ioc-5.3.8.jar:]
    ... 124 more
Caused by: org.apache.tapestry5.ioc.util.UnknownValueException: Service id 'ApplicationContextCustomizer' is not defined by any module.
    at org.apache.tapestry5.ioc.internal.RegistryImpl.locateModuleForService(RegistryImpl.java:453) [tapestry-ioc-5.3.8.jar:]
    at org.apache.tapestry5.ioc.internal.RegistryImpl.getService(RegistryImpl.java:419) [tapestry-ioc-5.3.8.jar:]
    at org.apache.tapestry5.ioc.internal.ObjectLocatorImpl.getService(ObjectLocatorImpl.java:42) [tapestry-ioc-5.3.8.jar:]
    at org.apache.tapestry5.internal.spring.SpringModuleDef$1.createServiceCreator(SpringModuleDef.java:118) [tapestry-spring-5.3.8.jar:]
    at org.apache.tapestry5.ioc.internal.util.InternalUtils$13.createServiceCreator(InternalUtils.java:941) [tapestry-ioc-5.3.8.jar:]
    at org.apache.tapestry5.ioc.internal.util.InternalUtils$12.createServiceCreator(InternalUtils.java:893) [tapestry-ioc-5.3.8.jar:]
    at org.apache.tapestry5.ioc.internal.ModuleImpl$4.invoke(ModuleImpl.java:267) [tapestry-ioc-5.3.8.jar:]
    ... 125 more

10:57:40,928 ERROR [org.apache.catalina.core.ContainerBase.[jboss.web].[default-host].[/taptest]] (ServerService Thread Pool -- 50) JBWEB000284: Exception starting filter app: java.lang.RuntimeException: Exception constructing service 'ServletApplicationInitializer': Unable to instantiate class org.apache.tapestry5.services.TapestryModule as a module: Exception constructing service 'MasterObjectProvider': Error building service proxy for service 'ApplicationContext' (at org.apache.tapestry5.ioc.internal.util.InternalUtils$12@3bec092e): Service id 'ApplicationContextCustomizer' is not defined by any module.
    at org.apache.tapestry5.ioc.internal.services.JustInTimeObjectCreator.obtainObjectFromCreator(JustInTimeObjectCreator.java:75) [tapestry-ioc-5.3.8.jar:]
    at org.apache.tapestry5.ioc.internal.services.JustInTimeObjectCreator.createObject(JustInTimeObjectCreator.java:54) [tapestry-ioc-5.3.8.jar:]
    at $ServletApplicationInitializer_73cde33b04c.delegate(Unknown Source)
    at $ServletApplicationInitializer_73cde33b04c.initializeApplication(Unknown Source)
    at org.apache.tapestry5.TapestryFilter.init(TapestryFilter.java:116) [tapestry-core-5.3.8.jar:]
    at org.apache.catalina.core.ApplicationFilterConfig.getFilter(ApplicationFilterConfig.java:416) [jbossweb-7.5.19.Final-redhat-1.jar:7.5.19.Final-redhat-1]
    at org.apache.catalina.core.StandardContext.filterStart(StandardContext.java:3225) [jbossweb-7.5.19.Final-redhat-1.jar:7.5.19.Final-redhat-1]
    at org.apache.catalina.core.StandardContext.start(StandardContext.java:3794) [jbossweb-7.5.19.Final-redhat-1.jar:7.5.19.Final-redhat-1]
    at org.jboss.as.web.deployment.WebDeploymentService.doStart(WebDeploymentService.java:163) [jboss-as-web-7.5.11.Final-redhat-1.jar:7.5.11.Final-redhat-1]
    at org.jboss.as.web.deployment.WebDeploymentService.access$000(WebDeploymentService.java:61) [jboss-as-web-7.5.11.Final-redhat-1.jar:7.5.11.Final-redhat-1]
    at org.jboss.as.web.deployment.WebDeploymentService$1.run(WebDeploymentService.java:96) [jboss-as-web-7.5.11.Final-redhat-1.jar:7.5.11.Final-redhat-1]
    at java.util.concurrent.Executors$RunnableAdapter.call(Executors.java:511) [rt.jar:1.8.0_112]
    at java.util.concurrent.FutureTask.run(FutureTask.java:266) [rt.jar:1.8.0_112]
    at java.util.concurrent.ThreadPoolExecutor.runWorker(ThreadPoolExecutor.java:1142) [rt.jar:1.8.0_112]
    at java.util.concurrent.ThreadPoolExecutor$Worker.run(ThreadPoolExecutor.java:617) [rt.jar:1.8.0_112]
    at java.lang.Thread.run(Thread.java:745) [rt.jar:1.8.0_112]
    at org.jboss.threads.JBossThread.run(JBossThread.java:122)
Caused by: java.lang.RuntimeException: Unable to instantiate class org.apache.tapestry5.services.TapestryModule as a module: Exception constructing service 'MasterObjectProvider': Error building service proxy for service 'ApplicationContext' (at org.apache.tapestry5.ioc.internal.util.InternalUtils$12@3bec092e): Service id 'ApplicationContextCustomizer' is not defined by any module.
    at org.apache.tapestry5.ioc.internal.ModuleImpl.instantiateModuleInstance(ModuleImpl.java:447) [tapestry-ioc-5.3.8.jar:]
    at org.apache.tapestry5.ioc.internal.ModuleImpl.access$1200(ModuleImpl.java:39) [tapestry-ioc-5.3.8.jar:]
    at org.apache.tapestry5.ioc.internal.ModuleImpl$6$1.invoke(ModuleImpl.java:355) [tapestry-ioc-5.3.8.jar:]
    at org.apache.tapestry5.ioc.internal.OperationTrackerImpl.invoke(OperationTrackerImpl.java:74) [tapestry-ioc-5.3.8.jar:]
    at org.apache.tapestry5.ioc.internal.PerThreadOperationTracker.invoke(PerThreadOperationTracker.java:87) [tapestry-ioc-5.3.8.jar:]
    at org.apache.tapestry5.ioc.internal.RegistryImpl.invoke(RegistryImpl.java:1124) [tapestry-ioc-5.3.8.jar:]
    at org.apache.tapestry5.ioc.internal.ModuleImpl$6.run(ModuleImpl.java:350) [tapestry-ioc-5.3.8.jar:]
    at org.apache.tapestry5.ioc.internal.util.ConcurrentBarrier$2.invoke(ConcurrentBarrier.java:200) [tapestry-ioc-5.3.8.jar:]
    at org.apache.tapestry5.ioc.internal.util.ConcurrentBarrier$2.invoke(ConcurrentBarrier.java:198) [tapestry-ioc-5.3.8.jar:]
    at org.apache.tapestry5.ioc.internal.util.ConcurrentBarrier.withWrite(ConcurrentBarrier.java:140) [tapestry-ioc-5.3.8.jar:]
    at org.apache.tapestry5.ioc.internal.util.ConcurrentBarrier.withWrite(ConcurrentBarrier.java:206) [tapestry-ioc-5.3.8.jar:]
    at org.apache.tapestry5.ioc.internal.ModuleImpl$7.invoke(ModuleImpl.java:366) [tapestry-ioc-5.3.8.jar:]
    at org.apache.tapestry5.ioc.internal.util.ConcurrentBarrier.withRead(ConcurrentBarrier.java:85) [tapestry-ioc-5.3.8.jar:]
    at org.apache.tapestry5.ioc.internal.ModuleImpl.getModuleBuilder(ModuleImpl.java:374) [tapestry-ioc-5.3.8.jar:]
    at org.apache.tapestry5.ioc.internal.ServiceResourcesImpl.getModuleBuilder(ServiceResourcesImpl.java:138) [tapestry-ioc-5.3.8.jar:]
    at org.apache.tapestry5.ioc.internal.ServiceBuilderMethodInvoker.getPlan(ServiceBuilderMethodInvoker.java:47) [tapestry-ioc-5.3.8.jar:]
    at org.apache.tapestry5.ioc.internal.ServiceBuilderMethodInvoker.createObject(ServiceBuilderMethodInvoker.java:60) [tapestry-ioc-5.3.8.jar:]
    at org.apache.tapestry5.ioc.internal.OperationTrackingObjectCreator$1.invoke(OperationTrackingObjectCreator.java:45) [tapestry-ioc-5.3.8.jar:]
    at org.apache.tapestry5.ioc.internal.OperationTrackerImpl.invoke(OperationTrackerImpl.java:74) [tapestry-ioc-5.3.8.jar:]
    at org.apache.tapestry5.ioc.internal.PerThreadOperationTracker.invoke(PerThreadOperationTracker.java:87) [tapestry-ioc-5.3.8.jar:]
    at org.apache.tapestry5.ioc.internal.RegistryImpl.invoke(RegistryImpl.java:1124) [tapestry-ioc-5.3.8.jar:]
    at org.apache.tapestry5.ioc.internal.OperationTrackingObjectCreator.createObject(OperationTrackingObjectCreator.java:49) [tapestry-ioc-5.3.8.jar:]
    at org.apache.tapestry5.ioc.internal.SingletonServiceLifecycle.createService(SingletonServiceLifecycle.java:29) [tapestry-ioc-5.3.8.jar:]
    at org.apache.tapestry5.ioc.internal.LifecycleWrappedServiceCreator.createObject(LifecycleWrappedServiceCreator.java:46) [tapestry-ioc-5.3.8.jar:]
    at org.apache.tapestry5.ioc.internal.AdvisorStackBuilder.createObject(AdvisorStackBuilder.java:63) [tapestry-ioc-5.3.8.jar:]
    at org.apache.tapestry5.ioc.internal.InterceptorStackBuilder.createObject(InterceptorStackBuilder.java:54) [tapestry-ioc-5.3.8.jar:]
    at org.apache.tapestry5.ioc.internal.RecursiveServiceCreationCheckWrapper.createObject(RecursiveServiceCreationCheckWrapper.java:60) [tapestry-ioc-5.3.8.jar:]
    at org.apache.tapestry5.ioc.internal.OperationTrackingObjectCreator$1.invoke(OperationTrackingObjectCreator.java:45) [tapestry-ioc-5.3.8.jar:]
    at org.apache.tapestry5.ioc.internal.OperationTrackerImpl.invoke(OperationTrackerImpl.java:74) [tapestry-ioc-5.3.8.jar:]
    at org.apache.tapestry5.ioc.internal.PerThreadOperationTracker.invoke(PerThreadOperationTracker.java:87) [tapestry-ioc-5.3.8.jar:]
    at org.apache.tapestry5.ioc.internal.RegistryImpl.invoke(RegistryImpl.java:1124) [tapestry-ioc-5.3.8.jar:]
    at org.apache.tapestry5.ioc.internal.OperationTrackingObjectCreator.createObject(OperationTrackingObjectCreator.java:49) [tapestry-ioc-5.3.8.jar:]
    at org.apache.tapestry5.ioc.internal.services.JustInTimeObjectCreator.obtainObjectFromCreator(JustInTimeObjectCreator.java:66) [tapestry-ioc-5.3.8.jar:]
    ... 16 more
Caused by: java.lang.RuntimeException: Exception constructing service 'MasterObjectProvider': Error building service proxy for service 'ApplicationContext' (at org.apache.tapestry5.ioc.internal.util.InternalUtils$12@3bec092e): Service id 'ApplicationContextCustomizer' is not defined by any module.
    at org.apache.tapestry5.ioc.internal.services.JustInTimeObjectCreator.obtainObjectFromCreator(JustInTimeObjectCreator.java:75) [tapestry-ioc-5.3.8.jar:]
    at org.apache.tapestry5.ioc.internal.services.JustInTimeObjectCreator.createObject(JustInTimeObjectCreator.java:54) [tapestry-ioc-5.3.8.jar:]
    at $MasterObjectProvider_73cde33b04d.delegate(Unknown Source)
    at $MasterObjectProvider_73cde33b04d.provide(Unknown Source)
    at org.apache.tapestry5.ioc.internal.RegistryImpl.getObject(RegistryImpl.java:871) [tapestry-ioc-5.3.8.jar:]
    at org.apache.tapestry5.ioc.internal.ObjectLocatorImpl.getObject(ObjectLocatorImpl.java:57) [tapestry-ioc-5.3.8.jar:]
    at org.apache.tapestry5.ioc.internal.util.InternalUtils.calculateInjection(InternalUtils.java:257) [tapestry-ioc-5.3.8.jar:]
    at org.apache.tapestry5.ioc.internal.util.InternalUtils.access$000(InternalUtils.java:50) [tapestry-ioc-5.3.8.jar:]
    at org.apache.tapestry5.ioc.internal.util.InternalUtils$4.invoke(InternalUtils.java:289) [tapestry-ioc-5.3.8.jar:]
    at org.apache.tapestry5.ioc.internal.util.InternalUtils$4.invoke(InternalUtils.java:287) [tapestry-ioc-5.3.8.jar:]
    at org.apache.tapestry5.ioc.internal.OperationTrackerImpl.invoke(OperationTrackerImpl.java:74) [tapestry-ioc-5.3.8.jar:]
    at org.apache.tapestry5.ioc.internal.PerThreadOperationTracker.invoke(PerThreadOperationTracker.java:87) [tapestry-ioc-5.3.8.jar:]
    at org.apache.tapestry5.ioc.internal.RegistryImpl.invoke(RegistryImpl.java:1124) [tapestry-ioc-5.3.8.jar:]
    at org.apache.tapestry5.ioc.internal.util.InternalUtils.calculateParameters(InternalUtils.java:293) [tapestry-ioc-5.3.8.jar:]
    at org.apache.tapestry5.ioc.internal.ModuleImpl.instantiateModuleInstance(ModuleImpl.java:425) [tapestry-ioc-5.3.8.jar:]
    ... 48 more
Caused by: org.apache.tapestry5.ioc.internal.OperationException: Error building service proxy for service 'ApplicationContext' (at org.apache.tapestry5.ioc.internal.util.InternalUtils$12@3bec092e): Service id 'ApplicationContextCustomizer' is not defined by any module.
    at org.apache.tapestry5.ioc.internal.OperationTrackerImpl.logAndRethrow(OperationTrackerImpl.java:121) [tapestry-ioc-5.3.8.jar:]
    at org.apache.tapestry5.ioc.internal.OperationTrackerImpl.invoke(OperationTrackerImpl.java:88) [tapestry-ioc-5.3.8.jar:]
    at org.apache.tapestry5.ioc.internal.PerThreadOperationTracker.invoke(PerThreadOperationTracker.java:87) [tapestry-ioc-5.3.8.jar:]
    at org.apache.tapestry5.ioc.internal.RegistryImpl.invoke(RegistryImpl.java:1124) [tapestry-ioc-5.3.8.jar:]
    at org.apache.tapestry5.ioc.internal.ModuleImpl.create(ModuleImpl.java:332) [tapestry-ioc-5.3.8.jar:]
    at org.apache.tapestry5.ioc.internal.ModuleImpl.access$100(ModuleImpl.java:39) [tapestry-ioc-5.3.8.jar:]
    at org.apache.tapestry5.ioc.internal.ModuleImpl$1.invoke(ModuleImpl.java:191) [tapestry-ioc-5.3.8.jar:]
    at org.apache.tapestry5.ioc.internal.util.ConcurrentBarrier.withWrite(ConcurrentBarrier.java:140) [tapestry-ioc-5.3.8.jar:]
    at org.apache.tapestry5.ioc.internal.ModuleImpl$2.invoke(ModuleImpl.java:207) [tapestry-ioc-5.3.8.jar:]
    at org.apache.tapestry5.ioc.internal.util.ConcurrentBarrier.withRead(ConcurrentBarrier.java:85) [tapestry-ioc-5.3.8.jar:]
    at org.apache.tapestry5.ioc.internal.ModuleImpl.findOrCreate(ModuleImpl.java:213) [tapestry-ioc-5.3.8.jar:]
    at org.apache.tapestry5.ioc.internal.ModuleImpl.getService(ModuleImpl.java:109) [tapestry-ioc-5.3.8.jar:]
    at org.apache.tapestry5.ioc.internal.RegistryImpl.getService(RegistryImpl.java:421) [tapestry-ioc-5.3.8.jar:]
    at org.apache.tapestry5.ioc.internal.ObjectLocatorImpl.getService(ObjectLocatorImpl.java:42) [tapestry-ioc-5.3.8.jar:]
    at org.apache.tapestry5.internal.spring.SpringModuleDef$4.contribute(SpringModuleDef.java:247) [tapestry-spring-5.3.8.jar:]
    at org.apache.tapestry5.ioc.internal.util.InternalUtils$16.contribute(InternalUtils.java:1099) [tapestry-ioc-5.3.8.jar:]
    at org.apache.tapestry5.ioc.internal.RegistryImpl$9.run(RegistryImpl.java:633) [tapestry-ioc-5.3.8.jar:]
    at org.apache.tapestry5.ioc.internal.OperationTrackerImpl$1.invoke(OperationTrackerImpl.java:51) [tapestry-ioc-5.3.8.jar:]
    at org.apache.tapestry5.ioc.internal.OperationTrackerImpl$1.invoke(OperationTrackerImpl.java:49) [tapestry-ioc-5.3.8.jar:]
    at org.apache.tapestry5.ioc.internal.OperationTrackerImpl.invoke(OperationTrackerImpl.java:74) [tapestry-ioc-5.3.8.jar:]
    at org.apache.tapestry5.ioc.internal.OperationTrackerImpl.run(OperationTrackerImpl.java:47) [tapestry-ioc-5.3.8.jar:]
    at org.apache.tapestry5.ioc.internal.PerThreadOperationTracker.run(PerThreadOperationTracker.java:76) [tapestry-ioc-5.3.8.jar:]
    at org.apache.tapestry5.ioc.internal.RegistryImpl.addToOrderedConfiguration(RegistryImpl.java:629) [tapestry-ioc-5.3.8.jar:]
    at org.apache.tapestry5.ioc.internal.RegistryImpl.getOrderedConfiguration(RegistryImpl.java:483) [tapestry-ioc-5.3.8.jar:]
    at org.apache.tapestry5.ioc.internal.ServiceResourcesImpl$2.invoke(ServiceResourcesImpl.java:110) [tapestry-ioc-5.3.8.jar:]
    at org.apache.tapestry5.ioc.internal.ServiceResourcesImpl$2.invoke(ServiceResourcesImpl.java:108) [tapestry-ioc-5.3.8.jar:]
    at org.apache.tapestry5.ioc.internal.OperationTrackerImpl.invoke(OperationTrackerImpl.java:74) [tapestry-ioc-5.3.8.jar:]
    at org.apache.tapestry5.ioc.internal.PerThreadOperationTracker.invoke(PerThreadOperationTracker.java:87) [tapestry-ioc-5.3.8.jar:]
    at org.apache.tapestry5.ioc.internal.RegistryImpl.invoke(RegistryImpl.java:1124) [tapestry-ioc-5.3.8.jar:]
    at org.apache.tapestry5.ioc.internal.ServiceResourcesImpl.getOrderedConfiguration(ServiceResourcesImpl.java:105) [tapestry-ioc-5.3.8.jar:]
    at org.apache.tapestry5.ioc.internal.AbstractServiceCreator.getOrderedConfiguration(AbstractServiceCreator.java:123) [tapestry-ioc-5.3.8.jar:]
    at org.apache.tapestry5.ioc.internal.AbstractServiceCreator.access$200(AbstractServiceCreator.java:35) [tapestry-ioc-5.3.8.jar:]
    at org.apache.tapestry5.ioc.internal.AbstractServiceCreator$1.findResource(AbstractServiceCreator.java:103) [tapestry-ioc-5.3.8.jar:]
    at org.apache.tapestry5.ioc.internal.util.DelegatingInjectionResources.findResource(DelegatingInjectionResources.java:38) [tapestry-ioc-5.3.8.jar:]
    at org.apache.tapestry5.ioc.internal.util.InternalUtils.calculateInjection(InternalUtils.java:231) [tapestry-ioc-5.3.8.jar:]
    at org.apache.tapestry5.ioc.internal.util.InternalUtils.access$000(InternalUtils.java:50) [tapestry-ioc-5.3.8.jar:]
    at org.apache.tapestry5.ioc.internal.util.InternalUtils$4.invoke(InternalUtils.java:289) [tapestry-ioc-5.3.8.jar:]
    at org.apache.tapestry5.ioc.internal.util.InternalUtils$4.invoke(InternalUtils.java:287) [tapestry-ioc-5.3.8.jar:]
    at org.apache.tapestry5.ioc.internal.OperationTrackerImpl.invoke(OperationTrackerImpl.java:74) [tapestry-ioc-5.3.8.jar:]
    at org.apache.tapestry5.ioc.internal.PerThreadOperationTracker.invoke(PerThreadOperationTracker.java:87) [tapestry-ioc-5.3.8.jar:]
    at org.apache.tapestry5.ioc.internal.RegistryImpl.invoke(RegistryImpl.java:1124) [tapestry-ioc-5.3.8.jar:]
    at org.apache.tapestry5.ioc.internal.util.InternalUtils.calculateParameters(InternalUtils.java:293) [tapestry-ioc-5.3.8.jar:]
    at org.apache.tapestry5.ioc.internal.util.InternalUtils$23.invoke(InternalUtils.java:1488) [tapestry-ioc-5.3.8.jar:]
    at org.apache.tapestry5.ioc.internal.util.InternalUtils$23.invoke(InternalUtils.java:1484) [tapestry-ioc-5.3.8.jar:]
    at org.apache.tapestry5.ioc.internal.OperationTrackerImpl.invoke(OperationTrackerImpl.java:74) [tapestry-ioc-5.3.8.jar:]
    at org.apache.tapestry5.ioc.internal.PerThreadOperationTracker.invoke(PerThreadOperationTracker.java:87) [tapestry-ioc-5.3.8.jar:]
    at org.apache.tapestry5.ioc.internal.RegistryImpl.invoke(RegistryImpl.java:1124) [tapestry-ioc-5.3.8.jar:]
    at org.apache.tapestry5.ioc.internal.util.InternalUtils.createConstructorConstructionPlan(InternalUtils.java:1480) [tapestry-ioc-5.3.8.jar:]
    at org.apache.tapestry5.ioc.internal.ConstructorServiceCreator.getPlan(ConstructorServiceCreator.java:52) [tapestry-ioc-5.3.8.jar:]
    at org.apache.tapestry5.ioc.internal.ConstructorServiceCreator.createObject(ConstructorServiceCreator.java:61) [tapestry-ioc-5.3.8.jar:]
    at org.apache.tapestry5.ioc.internal.OperationTrackingObjectCreator$1.invoke(OperationTrackingObjectCreator.java:45) [tapestry-ioc-5.3.8.jar:]
    at org.apache.tapestry5.ioc.internal.OperationTrackerImpl.invoke(OperationTrackerImpl.java:74) [tapestry-ioc-5.3.8.jar:]
    at org.apache.tapestry5.ioc.internal.PerThreadOperationTracker.invoke(PerThreadOperationTracker.java:87) [tapestry-ioc-5.3.8.jar:]
    at org.apache.tapestry5.ioc.internal.RegistryImpl.invoke(RegistryImpl.java:1124) [tapestry-ioc-5.3.8.jar:]
    at org.apache.tapestry5.ioc.internal.OperationTrackingObjectCreator.createObject(OperationTrackingObjectCreator.java:49) [tapestry-ioc-5.3.8.jar:]
    at org.apache.tapestry5.ioc.internal.SingletonServiceLifecycle.createService(SingletonServiceLifecycle.java:29) [tapestry-ioc-5.3.8.jar:]
    at org.apache.tapestry5.ioc.internal.LifecycleWrappedServiceCreator.createObject(LifecycleWrappedServiceCreator.java:46) [tapestry-ioc-5.3.8.jar:]
    at org.apache.tapestry5.ioc.internal.RecursiveServiceCreationCheckWrapper.createObject(RecursiveServiceCreationCheckWrapper.java:60) [tapestry-ioc-5.3.8.jar:]
    at org.apache.tapestry5.ioc.internal.OperationTrackingObjectCreator$1.invoke(OperationTrackingObjectCreator.java:45) [tapestry-ioc-5.3.8.jar:]
    at org.apache.tapestry5.ioc.internal.OperationTrackerImpl.invoke(OperationTrackerImpl.java:74) [tapestry-ioc-5.3.8.jar:]
    at org.apache.tapestry5.ioc.internal.PerThreadOperationTracker.invoke(PerThreadOperationTracker.java:87) [tapestry-ioc-5.3.8.jar:]
    at org.apache.tapestry5.ioc.internal.RegistryImpl.invoke(RegistryImpl.java:1124) [tapestry-ioc-5.3.8.jar:]
    at org.apache.tapestry5.ioc.internal.OperationTrackingObjectCreator.createObject(OperationTrackingObjectCreator.java:49) [tapestry-ioc-5.3.8.jar:]
    at org.apache.tapestry5.ioc.internal.services.JustInTimeObjectCreator.obtainObjectFromCreator(JustInTimeObjectCreator.java:66) [tapestry-ioc-5.3.8.jar:]
    ... 62 more
Caused by: java.lang.RuntimeException: Error building service proxy for service 'ApplicationContext' (at org.apache.tapestry5.ioc.internal.util.InternalUtils$12@3bec092e): Service id 'ApplicationContextCustomizer' is not defined by any module.
    at org.apache.tapestry5.ioc.internal.ModuleImpl$4.invoke(ModuleImpl.java:327) [tapestry-ioc-5.3.8.jar:]
    at org.apache.tapestry5.ioc.internal.OperationTrackerImpl.invoke(OperationTrackerImpl.java:74) [tapestry-ioc-5.3.8.jar:]
    ... 124 more
Caused by: org.apache.tapestry5.ioc.util.UnknownValueException: Service id 'ApplicationContextCustomizer' is not defined by any module.
    at org.apache.tapestry5.ioc.internal.RegistryImpl.locateModuleForService(RegistryImpl.java:453) [tapestry-ioc-5.3.8.jar:]
    at org.apache.tapestry5.ioc.internal.RegistryImpl.getService(RegistryImpl.java:419) [tapestry-ioc-5.3.8.jar:]
    at org.apache.tapestry5.ioc.internal.ObjectLocatorImpl.getService(ObjectLocatorImpl.java:42) [tapestry-ioc-5.3.8.jar:]
    at org.apache.tapestry5.internal.spring.SpringModuleDef$1.createServiceCreator(SpringModuleDef.java:118) [tapestry-spring-5.3.8.jar:]
    at org.apache.tapestry5.ioc.internal.util.InternalUtils$13.createServiceCreator(InternalUtils.java:941) [tapestry-ioc-5.3.8.jar:]
    at org.apache.tapestry5.ioc.internal.util.InternalUtils$12.createServiceCreator(InternalUtils.java:893) [tapestry-ioc-5.3.8.jar:]
    at org.apache.tapestry5.ioc.internal.ModuleImpl$4.invoke(ModuleImpl.java:267) [tapestry-ioc-5.3.8.jar:]
    ... 125 more

10:57:40,938 ERROR [org.apache.catalina.core] (ServerService Thread Pool -- 50) JBWEB001103: Error detected during context /taptest start, will stop it
10:57:40,958 ERROR [org.jboss.msc.service.fail] (ServerService Thread Pool -- 50) MSC000001: Failed to start service jboss.web.deployment.default-host./taptest: org.jboss.msc.service.StartException in service jboss.web.deployment.default-host./taptest: org.jboss.msc.service.StartException in anonymous service: JBAS018040: Failed to start context
    at org.jboss.as.web.deployment.WebDeploymentService$1.run(WebDeploymentService.java:99)
    at java.util.concurrent.Executors$RunnableAdapter.call(Executors.java:511) [rt.jar:1.8.0_112]
    at java.util.concurrent.FutureTask.run(FutureTask.java:266) [rt.jar:1.8.0_112]
    at java.util.concurrent.ThreadPoolExecutor.runWorker(ThreadPoolExecutor.java:1142) [rt.jar:1.8.0_112]
    at java.util.concurrent.ThreadPoolExecutor$Worker.run(ThreadPoolExecutor.java:617) [rt.jar:1.8.0_112]
    at java.lang.Thread.run(Thread.java:745) [rt.jar:1.8.0_112]
    at org.jboss.threads.JBossThread.run(JBossThread.java:122)
Caused by: org.jboss.msc.service.StartException in anonymous service: JBAS018040: Failed to start context
    at org.jboss.as.web.deployment.WebDeploymentService.doStart(WebDeploymentService.java:168)
    at org.jboss.as.web.deployment.WebDeploymentService.access$000(WebDeploymentService.java:61)
    at org.jboss.as.web.deployment.WebDeploymentService$1.run(WebDeploymentService.java:96)
    ... 6 more

10:57:40,968 ERROR [org.jboss.as.controller.management-operation] (Controller Boot Thread) JBAS014612: Operation ("deploy") failed - address: ([("deployment" => "taptest.war")]) - failure description: {"JBAS014671: Failed services" => {"jboss.web.deployment.default-host./taptest" => "org.jboss.msc.service.StartException in service jboss.web.deployment.default-host./taptest: org.jboss.msc.service.StartException in anonymous service: JBAS018040: Failed to start context
    Caused by: org.jboss.msc.service.StartException in anonymous service: JBAS018040: Failed to start context"}}
10:57:41,008 INFO  [org.jboss.as.server] (ServerService Thread Pool -- 28) JBAS015859: Deployed "taptest.war" (runtime-name : "taptest.war")
10:57:41,018 INFO  [org.jboss.as.controller] (Controller Boot Thread) JBAS014774: Service status report
JBAS014777:   Services which failed to start:      service jboss.web.deployment.default-host./taptest: org.jboss.msc.service.StartException in service jboss.web.deployment.default-host./taptest: org.jboss.msc.service.StartException in anonymous service: JBAS018040: Failed to start context

10:57:41,028 INFO  [org.jboss.as] (Controller Boot Thread) JBAS015961: Http management interface listening on http://127.0.0.1:9990/management
10:57:41,028 INFO  [org.jboss.as] (Controller Boot Thread) JBAS015951: Admin console listening on http://127.0.0.1:9990
10:57:41,028 ERROR [org.jboss.as] (Controller Boot Thread) JBAS015875: JBoss EAP 6.4.11.GA (AS 7.5.11.Final-redhat-1) started (with errors) in 7808ms - Started 207 of 248 services (2 services failed or missing dependencies, 60 services are lazy, passive or on-demand)
10:57:41,258 INFO  [org.jboss.as.server.deployment] (MSC service thread 1-1) JBAS015877: Stopped deployment taptest.war (runtime-name: taptest.war) in 17ms
10:57:41,310 INFO  [org.jboss.as.server] (DeploymentScanner-threads - 2) JBAS015858: Undeployed "taptest.war" (runtime-name: "taptest.war")
10:57:41,310 INFO  [org.jboss.as.controller] (DeploymentScanner-threads - 2) JBAS014774: Service status report
JBAS014775:    New missing/unsatisfied dependencies:
      service jboss.deployment.unit."taptest.war".component."com.sun.faces.config.ConfigureListener".START (missing) dependents: [service jboss.deployment.unit."taptest.war".deploymentCompleteService] 
      service jboss.deployment.unit."taptest.war".component."javax.faces.webapp.FacetTag".START (missing) dependents: [service jboss.deployment.unit."taptest.war".deploymentCompleteService] 
      service jboss.deployment.unit."taptest.war".component."javax.servlet.jsp.jstl.tlv.PermittedTaglibsTLV".START (missing) dependents: [service jboss.deployment.unit."taptest.war".deploymentCompleteService] 
      service jboss.deployment.unit."taptest.war".component."javax.servlet.jsp.jstl.tlv.ScriptFreeTLV".START (missing) dependents: [service jboss.deployment.unit."taptest.war".deploymentCompleteService] 
      service jboss.deployment.unit."taptest.war".component."org.apache.catalina.servlets.DefaultServlet".START (missing) dependents: [service jboss.deployment.unit."taptest.war".deploymentCompleteService] 
      service jboss.deployment.unit."taptest.war".component."org.apache.jasper.servlet.JspServlet".START (missing) dependents: [service jboss.deployment.unit."taptest.war".deploymentCompleteService] 
      service jboss.deployment.unit."taptest.war".component."org.apache.tapestry5.spring.TapestrySpringFilter".START (missing) dependents: [service jboss.deployment.unit."taptest.war".deploymentCompleteService] 
      service jboss.web.deployment.default-host./taptest (missing) dependents: [service jboss.deployment.unit."taptest.war".deploymentCompleteService] 
      service jboss.web.deployment.default-host./taptest.realm (missing) dependents: [service jboss.deployment.unit."taptest.war".deploymentCompleteService] 
JBAS014777:   Services which failed to start:      service jboss.web.deployment.default-host./taptest

10:57:46,052 INFO  [org.jboss.as.server.deployment.scanner] (DeploymentScanner-threads - 2) JBAS015003: Found taptest.war in deployment directory. To trigger deployment create a file called taptest.war.dodeploy
